# JRE version: OpenJDK Runtime Environment Temurin-21.0.6+7 (21.0.6+7) (build 21.0.6+7-LTS)
# Java VM: OpenJDK 64-Bit Server VM Temurin-21.0.6+7 (21.0.6+7-LTS, mixed mode, emulated-client, sharing, tiered, compressed oops, compressed class ptrs, g1 gc, windows-amd64)
GC Precious Log:
 CardTable entry size: 512
 Card Set container configuration: InlinePtr #cards 5 size 8 Array Of Cards #cards 12 size 40 Howl #buckets 4 coarsen threshold 1843 Howl Bitmap #cards 512 size 80 coarsen threshold 460 Card regions per heap region 1 cards per card region 2048
 CPUs: 4 total, 4 available
 Memory: 7932M
 Large Page Support: Disabled
 NUMA Support: Disabled
 Compressed Oops: Enabled (32-bit)
 Heap Region Size: 1M
 Heap Min Capacity: 8M
 Heap Initial Capacity: 124M
 Heap Max Capacity: 1984M
 Pre-touch: Disabled
 Parallel Workers: 4
 Concurrent Workers: 1
 Concurrent Refinement Workers: 4
 Periodic GC: Disabled
Heap:
 garbage-first heap   total 133120K, used 83420K [0x0000000084000000, 0x0000000100000000)
  region size 1024K, 33 young (33792K), 4 survivors (4096K)
 Metaspace       used 89116K, committed 90048K, reserved 1179648K
  class space    used 12270K, committed 12800K, reserved 1048576K
GC Heap History (20 events):
Event: 823.915 GC heap before
{Heap before GC invocations=48 (full 1):
 garbage-first heap   total 133120K, used 106022K [0x0000000084000000, 0x0000000100000000)
  region size 1024K, 44 young (45056K), 6 survivors (6144K)
 Metaspace       used 88011K, committed 88896K, reserved 1179648K
  class space    used 12191K, committed 12608K, reserved 1048576K
}
Event: 823.985 GC heap after
{Heap after GC invocations=49 (full 2):
 garbage-first heap   total 133120K, used 44019K [0x0000000084000000, 0x0000000100000000)
  region size 1024K, 0 young (0K), 0 survivors (0K)
 Metaspace       used 87597K, committed 88896K, reserved 1179648K
  class space    used 12087K, committed 12608K, reserved 1048576K
}
Event: 826.702 GC heap before
{Heap before GC invocations=49 (full 2):
 garbage-first heap   total 133120K, used 114675K [0x0000000084000000, 0x0000000100000000)
  region size 1024K, 69 young (70656K), 0 survivors (0K)
 Metaspace       used 88428K, committed 89280K, reserved 1179648K
  class space    used 12201K, committed 12608K, reserved 1048576K
}
Event: 826.710 GC heap after
{Heap after GC invocations=50 (full 2):
 garbage-first heap   total 133120K, used 50663K [0x0000000084000000, 0x0000000100000000)
  region size 1024K, 7 young (7168K), 7 survivors (7168K)
 Metaspace       used 88428K, committed 89280K, reserved 1179648K
  class space    used 12201K, committed 12608K, reserved 1048576K
}
Event: 827.645 GC heap before
{Heap before GC invocations=51 (full 2):
 garbage-first heap   total 133120K, used 115175K [0x0000000084000000, 0x0000000100000000)
  region size 1024K, 70 young (71680K), 7 survivors (7168K)
 Metaspace       used 88719K, committed 89472K, reserved 1179648K
  class space    used 12250K, committed 12608K, reserved 1048576K
}
Event: 827.655 GC heap after
{Heap after GC invocations=52 (full 2):
 garbage-first heap   total 133120K, used 54271K [0x0000000084000000, 0x0000000100000000)
  region size 1024K, 4 young (4096K), 4 survivors (4096K)
 Metaspace       used 88719K, committed 89472K, reserved 1179648K
  class space    used 12250K, committed 12608K, reserved 1048576K
}
Event: 828.876 GC heap before
{Heap before GC invocations=52 (full 2):
 garbage-first heap   total 133120K, used 116735K [0x0000000084000000, 0x0000000100000000)
  region size 1024K, 65 young (66560K), 4 survivors (4096K)
 Metaspace       used 89801K, committed 90560K, reserved 1179648K
  class space    used 12326K, committed 12672K, reserved 1048576K
}
Event: 828.887 GC heap after
{Heap after GC invocations=53 (full 2):
 garbage-first heap   total 133120K, used 59878K [0x0000000084000000, 0x0000000100000000)
  region size 1024K, 9 young (9216K), 9 survivors (9216K)
 Metaspace       used 89801K, committed 90560K, reserved 1179648K
  class space    used 12326K, committed 12672K, reserved 1048576K
}
Event: 843.067 GC heap before
{Heap before GC invocations=53 (full 2):
 garbage-first heap   total 133120K, used 115174K [0x0000000084000000, 0x0000000100000000)
  region size 1024K, 63 young (64512K), 9 survivors (9216K)
 Metaspace       used 90137K, committed 91072K, reserved 1179648K
  class space    used 12396K, committed 12800K, reserved 1048576K
}
Event: 843.094 GC heap after
{Heap after GC invocations=54 (full 2):
 garbage-first heap   total 133120K, used 66341K [0x0000000084000000, 0x0000000100000000)
  region size 1024K, 7 young (7168K), 7 survivors (7168K)
 Metaspace       used 90137K, committed 91072K, reserved 1179648K
  class space    used 12396K, committed 12800K, reserved 1048576K
}
Event: 1104.869 GC heap before
{Heap before GC invocations=55 (full 2):
 garbage-first heap   total 133120K, used 116517K [0x0000000084000000, 0x0000000100000000)
  region size 1024K, 56 young (57344K), 7 survivors (7168K)
 Metaspace       used 90018K, committed 91072K, reserved 1179648K
  class space    used 12367K, committed 12800K, reserved 1048576K
}
Event: 1104.914 GC heap after
{Heap after GC invocations=56 (full 2):
 garbage-first heap   total 133120K, used 68778K [0x0000000084000000, 0x0000000100000000)
  region size 1024K, 3 young (3072K), 3 survivors (3072K)
 Metaspace       used 90018K, committed 91072K, reserved 1179648K
  class space    used 12367K, committed 12800K, reserved 1048576K
}
Event: 1381.170 GC heap before
{Heap before GC invocations=56 (full 2):
 garbage-first heap   total 133120K, used 117930K [0x0000000084000000, 0x0000000100000000)
  region size 1024K, 51 young (52224K), 3 survivors (3072K)
 Metaspace       used 90018K, committed 91072K, reserved 1179648K
  class space    used 12367K, committed 12800K, reserved 1048576K
}
Event: 1381.186 GC heap after
{Heap after GC invocations=57 (full 2):
 garbage-first heap   total 133120K, used 62644K [0x0000000084000000, 0x0000000100000000)
  region size 1024K, 2 young (2048K), 2 survivors (2048K)
 Metaspace       used 90018K, committed 91072K, reserved 1179648K
  class space    used 12367K, committed 12800K, reserved 1048576K
}
Event: 1503.137 GC heap before
{Heap before GC invocations=57 (full 2):
 garbage-first heap   total 133120K, used 85172K [0x0000000084000000, 0x0000000100000000)
  region size 1024K, 25 young (25600K), 2 survivors (2048K)
 Metaspace       used 90038K, committed 91072K, reserved 1179648K
  class space    used 12369K, committed 12800K, reserved 1048576K
}
Event: 1503.260 GC heap after
{Heap after GC invocations=58 (full 3):
 garbage-first heap   total 133120K, used 44879K [0x0000000084000000, 0x0000000100000000)
  region size 1024K, 0 young (0K), 0 survivors (0K)
 Metaspace       used 87625K, committed 89536K, reserved 1179648K
  class space    used 12094K, committed 12800K, reserved 1048576K
}
Event: 1508.711 GC heap before
{Heap before GC invocations=58 (full 3):
 garbage-first heap   total 133120K, used 115535K [0x0000000084000000, 0x0000000100000000)
  region size 1024K, 69 young (70656K), 0 survivors (0K)
 Metaspace       used 88432K, committed 89536K, reserved 1179648K
  class space    used 12196K, committed 12800K, reserved 1048576K
}
Event: 1508.721 GC heap after
{Heap after GC invocations=59 (full 3):
 garbage-first heap   total 133120K, used 51023K [0x0000000084000000, 0x0000000100000000)
  region size 1024K, 6 young (6144K), 6 survivors (6144K)
 Metaspace       used 88432K, committed 89536K, reserved 1179648K
  class space    used 12196K, committed 12800K, reserved 1048576K
}
Event: 1509.408 GC heap before
{Heap before GC invocations=60 (full 3):
 garbage-first heap   total 133120K, used 116559K [0x0000000084000000, 0x0000000100000000)
  region size 1024K, 70 young (71680K), 6 survivors (6144K)
 Metaspace       used 88722K, committed 89728K, reserved 1179648K
  class space    used 12242K, committed 12800K, reserved 1048576K
}
Event: 1509.421 GC heap after
{Heap after GC invocations=61 (full 3):
 garbage-first heap   total 133120K, used 54748K [0x0000000084000000, 0x0000000100000000)
  region size 1024K, 4 young (4096K), 4 survivors (4096K)
 Metaspace       used 88722K, committed 89728K, reserved 1179648K
  class space    used 12242K, committed 12800K, reserved 1048576K
}

